<?xml version="1.0" encoding="UTF-8"?>
<!-- Generated by org.testng.reporters.JUnitReportReporter -->
<testsuite hostname="Ragupathi" failures="0" tests="5" name="com.testNg.TestNg" time="0.035" errors="0" timestamp="2023-06-26T16:34:58 IST" skipped="0">
  <testcase classname="com.testNg.TestNg" name="cart" time="0.018"/>
  <testcase classname="com.testNg.TestNg" name="search" time="0.002"/>
  <testcase classname="com.testNg.TestNg" name="search" time="0.002"/>
  <testcase classname="com.testNg.TestNg" name="search" time="0.003"/>
  <testcase classname="com.testNg.TestNg" name="login" time="0.010"/>
</testsuite> <!-- com.testNg.TestNg -->
