<?xml version="1.0" encoding="UTF-8"?>
<!-- Generated by org.testng.reporters.JUnitReportReporter -->
<testsuite hostname="Ragupathi" failures="0" tests="2" name="com.testNg.AmazonTest" time="0.015" errors="0" timestamp="2023-06-26T15:19:08 IST" skipped="0">
  <testcase classname="com.testNg.AmazonTest" name="l_page" time="0.012"/>
  <testcase classname="com.testNg.AmazonTest" name="m_page" time="0.003"/>
</testsuite> <!-- com.testNg.AmazonTest -->
