<?xml version="1.0" encoding="UTF-8"?>
<!-- Generated by org.testng.reporters.JUnitReportReporter -->
<testsuite hostname="Ragupathi" failures="0" tests="21" name="com.Adactin.testNg.TestLogin" time="26.782" errors="0" timestamp="2023-06-29T12:44:11 IST" skipped="0">
  <testcase classname="com.Adactin.testNg.TestLogin" name="titleCheck" time="0.248"/>
  <testcase classname="com.Adactin.testNg.TestLogin" name="urlCheck" time="0.397"/>
  <testcase classname="com.Adactin.testNg.TestLogin" name="login" time="3.342"/>
  <testcase classname="com.Adactin.testNg.TestLogin" name="Select_Location" time="0.442"/>
  <testcase classname="com.Adactin.testNg.TestLogin" name="Select_Hotel" time="0.991"/>
  <testcase classname="com.Adactin.testNg.TestLogin" name="Select_Room" time="0.377"/>
  <testcase classname="com.Adactin.testNg.TestLogin" name="Select_NumberofRooms" time="0.636"/>
  <testcase classname="com.Adactin.testNg.TestLogin" name="Select_CheckInDate" time="0.475"/>
  <testcase classname="com.Adactin.testNg.TestLogin" name="Select_CheckOutDate" time="0.468"/>
  <testcase classname="com.Adactin.testNg.TestLogin" name="Select_AdultsperRoom" time="0.571"/>
  <testcase classname="com.Adactin.testNg.TestLogin" name="Serach_Hotel" time="1.357"/>
  <testcase classname="com.Adactin.testNg.TestLogin" name="Select_Hotel1" time="1.535"/>
  <testcase classname="com.Adactin.testNg.TestLogin" name="FirstName" time="0.469"/>
  <testcase classname="com.Adactin.testNg.TestLogin" name="LastName" time="0.728"/>
  <testcase classname="com.Adactin.testNg.TestLogin" name="BillingAddress" time="0.408"/>
  <testcase classname="com.Adactin.testNg.TestLogin" name="CreditCardNo" time="0.612"/>
  <testcase classname="com.Adactin.testNg.TestLogin" name="CreditCard" time="0.543"/>
  <testcase classname="com.Adactin.testNg.TestLogin" name="ExpiryDate" time="0.793"/>
  <testcase classname="com.Adactin.testNg.TestLogin" name="CVVNumber" time="0.325"/>
  <testcase classname="com.Adactin.testNg.TestLogin" name="BookNow" time="0.304"/>
  <testcase classname="com.Adactin.testNg.TestLogin" name="BookedItinerary" time="11.761"/>
</testsuite> <!-- com.Adactin.testNg.TestLogin -->
